<?xml version="1.0" encoding="UTF-8"?>
<testsuite xmlns:xsi="http://www.w3.org/2001/XMLSchema-instance" xsi:noNamespaceSchemaLocation="https://maven.apache.org/surefire/maven-surefire-plugin/xsd/surefire-test-report.xsd" name="palyazatkezelo.MainTest" time="0.029" tests="1" errors="0" skipped="0" failures="0">
  <properties>
    <property name="sun.desktop" value="windows"/>
    <property name="awt.toolkit" value="sun.awt.windows.WToolkit"/>
    <property name="java.specification.version" value="12"/>
    <property name="sun.cpu.isalist" value="amd64"/>
    <property name="sun.jnu.encoding" value="Cp1250"/>
    <property name="java.class.path" value="C:\Users\IldiGyula\git\palyazatSzakdoga\target\test-classes;C:\Users\IldiGyula\git\palyazatSzakdoga\target\classes;C:\Users\IldiGyula\.m2\repository\junit\junit\4.11\junit-4.11.jar;C:\Users\IldiGyula\.m2\repository\org\hamcrest\hamcrest-core\1.3\hamcrest-core-1.3.jar;C:\Users\IldiGyula\.m2\repository\com\rometools\rome\1.12.0\rome-1.12.0.jar;C:\Users\IldiGyula\.m2\repository\com\rometools\rome-utils\1.12.0\rome-utils-1.12.0.jar;C:\Users\IldiGyula\.m2\repository\org\jdom\jdom2\2.0.6\jdom2-2.0.6.jar;C:\Users\IldiGyula\.m2\repository\org\slf4j\slf4j-api\1.7.16\slf4j-api-1.7.16.jar;C:\Users\IldiGyula\.m2\repository\org\slf4j\slf4j-log4j12\1.7.25\slf4j-log4j12-1.7.25.jar;C:\Users\IldiGyula\.m2\repository\log4j\log4j\1.2.17\log4j-1.2.17.jar;C:\Users\IldiGyula\.m2\repository\org\jsoup\jsoup\1.10.2\jsoup-1.10.2.jar;C:\Users\IldiGyula\.m2\repository\com\github\davidmoten\word-wrap\0.1.1\word-wrap-0.1.1.jar;C:\Users\IldiGyula\.m2\repository\com\github\davidmoten\guava-mini\0.1.1\guava-mini-0.1.1.jar;C:\Users\IldiGyula\.m2\repository\org\mongodb\mongodb-driver-sync\4.0.2\mongodb-driver-sync-4.0.2.jar;C:\Users\IldiGyula\.m2\repository\org\mongodb\bson\4.0.2\bson-4.0.2.jar;C:\Users\IldiGyula\.m2\repository\org\mongodb\mongodb-driver-core\4.0.2\mongodb-driver-core-4.0.2.jar;C:\Users\IldiGyula\.m2\repository\com\ibm\icu\icu4j\58.1\icu4j-58.1.jar;"/>
    <property name="java.vm.vendor" value="Oracle Corporation"/>
    <property name="sun.arch.data.model" value="64"/>
    <property name="user.variant" value=""/>
    <property name="java.vendor.url" value="https://java.oracle.com/"/>
    <property name="user.timezone" value="Europe/Budapest"/>
    <property name="os.name" value="Windows 10"/>
    <property name="java.vm.specification.version" value="12"/>
    <property name="sun.java.launcher" value="SUN_STANDARD"/>
    <property name="user.country" value="HU"/>
    <property name="sun.boot.library.path" value="C:\Program Files\Java\jdk-12.0.1\bin"/>
    <property name="sun.java.command" value="C:\Users\ILDIGY~1\AppData\Local\Temp\surefire9388120764372458141\surefirebooter363517758861066074.jar C:\Users\IldiGyula\AppData\Local\Temp\surefire9388120764372458141 2020-05-16T11-50-04_724-jvmRun1 surefire574433877680996411tmp surefire_03673357422298831648tmp"/>
    <property name="jdk.debug" value="release"/>
    <property name="surefire.test.class.path" value="C:\Users\IldiGyula\git\palyazatSzakdoga\target\test-classes;C:\Users\IldiGyula\git\palyazatSzakdoga\target\classes;C:\Users\IldiGyula\.m2\repository\junit\junit\4.11\junit-4.11.jar;C:\Users\IldiGyula\.m2\repository\org\hamcrest\hamcrest-core\1.3\hamcrest-core-1.3.jar;C:\Users\IldiGyula\.m2\repository\com\rometools\rome\1.12.0\rome-1.12.0.jar;C:\Users\IldiGyula\.m2\repository\com\rometools\rome-utils\1.12.0\rome-utils-1.12.0.jar;C:\Users\IldiGyula\.m2\repository\org\jdom\jdom2\2.0.6\jdom2-2.0.6.jar;C:\Users\IldiGyula\.m2\repository\org\slf4j\slf4j-api\1.7.16\slf4j-api-1.7.16.jar;C:\Users\IldiGyula\.m2\repository\org\slf4j\slf4j-log4j12\1.7.25\slf4j-log4j12-1.7.25.jar;C:\Users\IldiGyula\.m2\repository\log4j\log4j\1.2.17\log4j-1.2.17.jar;C:\Users\IldiGyula\.m2\repository\org\jsoup\jsoup\1.10.2\jsoup-1.10.2.jar;C:\Users\IldiGyula\.m2\repository\com\github\davidmoten\word-wrap\0.1.1\word-wrap-0.1.1.jar;C:\Users\IldiGyula\.m2\repository\com\github\davidmoten\guava-mini\0.1.1\guava-mini-0.1.1.jar;C:\Users\IldiGyula\.m2\repository\org\mongodb\mongodb-driver-sync\4.0.2\mongodb-driver-sync-4.0.2.jar;C:\Users\IldiGyula\.m2\repository\org\mongodb\bson\4.0.2\bson-4.0.2.jar;C:\Users\IldiGyula\.m2\repository\org\mongodb\mongodb-driver-core\4.0.2\mongodb-driver-core-4.0.2.jar;C:\Users\IldiGyula\.m2\repository\com\ibm\icu\icu4j\58.1\icu4j-58.1.jar;"/>
    <property name="sun.cpu.endian" value="little"/>
    <property name="user.home" value="C:\Users\IldiGyula"/>
    <property name="user.language" value="hu"/>
    <property name="java.specification.vendor" value="Oracle Corporation"/>
    <property name="java.version.date" value="2019-04-16"/>
    <property name="java.home" value="C:\Program Files\Java\jdk-12.0.1"/>
    <property name="file.separator" value="\"/>
    <property name="basedir" value="C:\Users\IldiGyula\git\palyazatSzakdoga"/>
    <property name="java.vm.compressedOopsMode" value="Zero based"/>
    <property name="line.separator" value="&#10;"/>
    <property name="java.vm.specification.vendor" value="Oracle Corporation"/>
    <property name="java.specification.name" value="Java Platform API Specification"/>
    <property name="java.awt.graphicsenv" value="sun.awt.Win32GraphicsEnvironment"/>
    <property name="idea.version2020.1.1" value="true"/>
    <property name="surefire.real.class.path" value="C:\Users\ILDIGY~1\AppData\Local\Temp\surefire9388120764372458141\surefirebooter363517758861066074.jar"/>
    <property name="user.script" value=""/>
    <property name="sun.management.compiler" value="HotSpot 64-Bit Tiered Compilers"/>
    <property name="java.runtime.version" value="12.0.1+12"/>
    <property name="user.name" value="IldiGyula"/>
    <property name="path.separator" value=";"/>
    <property name="os.version" value="10.0"/>
    <property name="java.runtime.name" value="Java(TM) SE Runtime Environment"/>
    <property name="file.encoding" value="Cp1250"/>
    <property name="java.vm.name" value="Java HotSpot(TM) 64-Bit Server VM"/>
    <property name="localRepository" value="C:\Users\IldiGyula\.m2\repository"/>
    <property name="java.vendor.url.bug" value="https://bugreport.java.com/bugreport/"/>
    <property name="java.io.tmpdir" value="C:\Users\ILDIGY~1\AppData\Local\Temp\"/>
    <property name="java.version" value="12.0.1"/>
    <property name="user.dir" value="C:\Users\IldiGyula\git\palyazatSzakdoga"/>
    <property name="os.arch" value="amd64"/>
    <property name="java.vm.specification.name" value="Java Virtual Machine Specification"/>
    <property name="sun.os.patch.level" value=""/>
    <property name="java.library.path" value="C:\Program Files\Java\jdk-12.0.1\bin;C:\Windows\Sun\Java\bin;C:\Windows\system32;C:\Windows;C:\Windows\system32;C:\Windows;C:\Windows\System32\Wbem;C:\Windows\System32\WindowsPowerShell\v1.0\;C:\Windows\System32\OpenSSH\;C:\Program Files\Git\cmd;C:\Program Files (x86)\Calibre2\;C:\Users\IldiGyula\AppData\Local\Microsoft\WindowsApps;C:\Program Files\JetBrains\IntelliJ IDEA 2020.1.1\bin;;C:\Program Files\JetBrains\PhpStorm 2019.3\bin;;C:\Users\IldiGyula\AppData\Local\Android\Sdk;C:\Users\IldiGyula\AppData\Local\Programs\Python\Python38-32;;."/>
    <property name="java.vm.info" value="mixed mode, sharing"/>
    <property name="java.vendor" value="Oracle Corporation"/>
    <property name="java.vm.version" value="12.0.1+12"/>
    <property name="sun.io.unicode.encoding" value="UnicodeLittle"/>
    <property name="java.class.version" value="56.0"/>
  </properties>
  <testcase name="shouldAnswerWithTrue" classname="palyazatkezelo.MainTest" time="0.001"/>
</testsuite>